<?xml version="1.0" encoding="UTF-8"?>
<!-- Generated by org.testng.reporters.JUnitReportReporter -->
<testsuite skipped="0" hostname="DESKTOP-3R73L8V" name="com.inetbanking.testCases.TC_AddCustomerTest_003" tests="1" failures="0" timestamp="04 Jul 2018 02:07:41 GMT" time="11.084" errors="0">
  <testcase name="addNewCustomer" time="11.084" classname="com.inetbanking.testCases.TC_AddCustomerTest_003"/>
</testsuite> <!-- com.inetbanking.testCases.TC_AddCustomerTest_003 -->
